<?xml version="1.0" encoding="UTF-8"?>
<!-- Generated by org.testng.reporters.JUnitReportReporter -->
<testsuite hostname="DESKTOP-2GLBG32" failures="0" tests="1" name="module1.TestScenario1" time="0.021" errors="0" timestamp="2023-09-08T20:05:54 GMT-04:00" skipped="0">
  <testcase classname="module1.TestScenario1" name="testcase01" time="0.021"/>
</testsuite> <!-- module1.TestScenario1 -->
