<?xml version="1.0" encoding="UTF-8"?>
<!-- Generated by org.testng.reporters.JUnitReportReporter -->
<testsuite hostname="DESKTOP-2GLBG32" failures="0" tests="3" name="module1.TestScenario2" time="0.018" errors="0" timestamp="2023-09-08T19:41:01 GMT-04:00" skipped="0">
  <testcase classname="module1.TestScenario2" name="testcase03" time="0.003"/>
  <testcase classname="module1.TestScenario2" name="testcase01" time="0.008"/>
  <testcase classname="module1.TestScenario2" name="testcase02" time="0.007"/>
</testsuite> <!-- module1.TestScenario2 -->
